app/build/outputs/mapping/release/seeds.txt
cafe.miruku.trol.Application
cafe.miruku.trol.Application: Application()
cafe.miruku.trol.LauncherActivity
cafe.miruku.trol.DelegationService: DelegationService()
cafe.miruku.trol.DelegationService
cafe.miruku.trol.LauncherActivity: LauncherActivity()
...
androidx.core.graphics.drawable.IconCompatParcelizer: void write(androidx.core.graphics.drawable.IconCompat,androidx.versionedparcelable.VersionedParcel)
com.google.androidbrowserhelper.trusted.LauncherActivity: LauncherActivity()
androidx.core.app.RemoteActionCompat
android.support.v4.app.RemoteActionCompatParcelizer: void write(androidx.core.app.RemoteActionCompat,androidx.versionedparcelable.VersionedParcel)
androidx.browser.trusted.TrustedWebActivityService: TrustedWebActivityService()
android.support.v4.graphics.drawable.IconCompatParcelizer
android.support.v4.app.RemoteActionCompatParcelizer: androidx.core.app.RemoteActionCompat read(androidx.versionedparcelable.VersionedParcel)
android.support.v4.graphics.drawable.IconCompatParcelizer: IconCompatParcelizer()
androidx.annotation.Keep
androidx.lifecycle.CompositeGeneratedAdaptersObserver
android.support.v4.graphics.drawable.IconCompatParcelizer: void write(androidx.core.graphics.drawable.IconCompat,androidx.versionedparcelable.VersionedParcel)
androidx.core.graphics.drawable.IconCompatParcelizer
androidx.browser.browseractions.BrowserActionsFallbackMenuView
androidx.versionedparcelable.CustomVersionedParcelable
com.google.androidbrowserhelper.trusted.FocusActivity
androidx.core.graphics.drawable.IconCompatParcelizer: IconCompatParcelizer()
androidx.versionedparcelable.ParcelImpl
androidx.versionedparcelable.ParcelImpl: android.os.Parcelable$Creator CREATOR
com.google.androidbrowserhelper.trusted.ManageDataLauncherActivity
androidx.browser.browseractions.BrowserActionsFallbackMenuView: BrowserActionsFallbackMenuView(android.content.Context,android.util.AttributeSet)
com.google.androidbrowserhelper.trusted.WebViewFallbackActivity: WebViewFallbackActivity()
com.google.androidbrowserhelper.trusted.DelegationService: DelegationService()
androidx.lifecycle.ReflectiveGenericLifecycleObserver
android.support.v4.graphics.drawable.IconCompatParcelizer: androidx.core.graphics.drawable.IconCompat read(androidx.versionedparcelable.VersionedParcel)
androidx.core.app.RemoteActionCompatParcelizer: RemoteActionCompatParcelizer()
android.support.v4.app.RemoteActionCompatParcelizer
com.google.androidbrowserhelper.trusted.WebViewFallbackActivity
androidx.lifecycle.SingleGeneratedAdapterObserver
androidx.lifecycle.FullLifecycleObserverAdapter
androidx.core.app.RemoteActionCompat: RemoteActionCompat()
com.google.androidbrowserhelper.trusted.FocusActivity: FocusActivity()
androidx.core.content.FileProvider
androidx.core.app.CoreComponentFactory: CoreComponentFactory()
android.support.v4.app.RemoteActionCompatParcelizer: RemoteActionCompatParcelizer()
androidx.core.app.RemoteActionCompatParcelizer: void write(androidx.core.app.RemoteActionCompat,androidx.versionedparcelable.VersionedParcel)
androidx.core.app.RemoteActionCompatParcelizer: androidx.core.app.RemoteActionCompat read(androidx.versionedparcelable.VersionedParcel)
androidx.core.graphics.drawable.IconCompat: IconCompat()
com.google.androidbrowserhelper.trusted.ManageDataLauncherActivity: ManageDataLauncherActivity()
androidx.versionedparcelable.CustomVersionedParcelable: CustomVersionedParcelable()
androidx.core.app.CoreComponentFactory
androidx.core.graphics.drawable.IconCompat
androidx.core.app.RemoteActionCompatParcelizer
androidx.core.graphics.drawable.IconCompatParcelizer: androidx.core.graphics.drawable.IconCompat read(androidx.versionedparcelable.VersionedParcel)
androidx.core.content.FileProvider: FileProvider()