app/build/outputs/mapping/release/mapping.txt
# compiler: R8
# compiler_version: 2.1.86
# min_api: 19
# pg_map_id: 2dfc094
# common_typos_disable
cafe.miruku.trol.LauncherActivity -> cafe.miruku.trol.LauncherActivity:
    android.net.Uri getLaunchingUrl() -> f
...
androidx.core.content.FileProvider$PathStrategy -> androidx.core.content.FileProvider$a:
    java.io.File getFileForUri(android.net.Uri) -> a
    android.net.Uri getUriForFile(java.io.File) -> b
androidx.core.content.FileProvider$SimplePathStrategy -> androidx.core.content.FileProvider$b:
    java.util.HashMap mRoots -> b
    java.lang.String mAuthority -> a
    java.io.File getFileForUri(android.net.Uri) -> a
    android.net.Uri getUriForFile(java.io.File) -> b
    void addRoot(java.lang.String,java.io.File) -> c
androidx.core.graphics.drawable.DrawableCompat -> androidx.core.graphics.drawable.a:
    android.graphics.drawable.Drawable wrap(android.graphics.drawable.Drawable) -> a
androidx.core.graphics.drawable.IconCompat -> androidx.core.graphics.drawable.IconCompat:
    android.graphics.PorterDuff$Mode DEFAULT_TINT_MODE -> j
    java.lang.String mTintModeStr -> i
    android.graphics.PorterDuff$Mode mTintMode -> h
    android.os.Parcelable mParcelable -> d
    java.lang.Object mObj1 -> b
    int mInt2 -> f
    android.content.res.ColorStateList mTintList -> g
    int mInt1 -> e
    byte[] mData -> c
    int mType -> a
    int getResId() -> a
    int getResId(android.graphics.drawable.Icon) -> b
    java.lang.String getResPackage() -> c
    java.lang.String getResPackage(android.graphics.drawable.Icon) -> d
    void onPostParceling() -> e
    void onPreParceling(boolean) -> f
    java.lang.String typeToString(int) -> g
androidx.core.graphics.drawable.TintAwareDrawable -> androidx.core.graphics.drawable.b:
androidx.core.graphics.drawable.WrappedDrawableApi14 -> androidx.core.graphics.drawable.c:
    android.graphics.drawable.Drawable mDrawable -> f
    androidx.core.graphics.drawable.WrappedDrawableState mState -> d
    android.graphics.PorterDuff$Mode DEFAULT_TINT_MODE -> g
    android.graphics.PorterDuff$Mode mCurrentMode -> b
    boolean mMutated -> e
    boolean mColorFilterSet -> c
    int mCurrentColor -> a
    boolean isCompatTintEnabled() -> a
    androidx.core.graphics.drawable.WrappedDrawableState mutateConstantState() -> b
    void setWrappedDrawable(android.graphics.drawable.Drawable) -> c
    void updateLocalState(android.content.res.Resources) -> d
    boolean updateTint(int[]) -> e
androidx.core.graphics.drawable.WrappedDrawableApi21 -> androidx.core.graphics.drawable.d:
    java.lang.reflect.Method sIsProjectedDrawableMethod -> h
    boolean isCompatTintEnabled() -> a
    void findAndCacheIsProjectedDrawableMethod() -> f
androidx.core.graphics.drawable.WrappedDrawableState -> androidx.core.graphics.drawable.e:
    android.graphics.drawable.Drawable$ConstantState mDrawableState -> b
    android.content.res.ColorStateList mTint -> c
    android.graphics.PorterDuff$Mode mTintMode -> d
    int mChangingConfigurations -> a
    boolean canConstantState() -> a
androidx.versionedparcelable.ParcelImpl -> androidx.versionedparcelable.ParcelImpl:
    androidx.versionedparcelable.VersionedParcelable mParcel -> a
androidx.versionedparcelable.ParcelImpl$1 -> androidx.versionedparcelable.ParcelImpl$a:
    androidx.versionedparcelable.ParcelImpl createFromParcel(android.os.Parcel) -> a
    androidx.versionedparcelable.ParcelImpl[] newArray(int) -> b