app/build/outputs/mapping/release/usage.txt
cafe.miruku.trol.R$string
cafe.miruku.trol.BuildConfig
cafe.miruku.trol.R$id
cafe.miruku.trol.R$bool
cafe.miruku.trol.R$color
cafe.miruku.trol.R$styleable
cafe.miruku.trol.R$integer
cafe.miruku.trol.R$mipmap
cafe.miruku.trol.R$drawable
cafe.miruku.trol.R$style
cafe.miruku.trol.R$attr
cafe.miruku.trol.R$dimen
cafe.miruku.trol.R$xml
cafe.miruku.trol.R$layout
cafe.miruku.trol.R
cafe.miruku.trol.R$raw
...
androidx.core.view.accessibility.AccessibilityNodeProviderCompat$AccessibilityNodeProviderApi16
androidx.core.view.NestedScrollingParent
androidx.core.app.NotificationCompat$Extender
androidx.lifecycle.MethodCallsLogger
androidx.browser.browseractions.BrowserActionsFallbackMenuUi
androidx.core.app.ActivityRecreator$LifecycleCheckCallbacks
androidx.browser.R$dimen:
    private void <init>()
androidx.core.graphics.TypefaceCompatApi24Impl
androidx.core.provider.FontsContractCompat$4$1
androidx.core.os.LocaleListInterface
androidx.core.widget.ContentLoadingProgressBar$2
androidx.core.view.LayoutInflaterCompat$Factory2Wrapper
androidx.browser.trusted.sharing.ShareData:
    public static androidx.browser.trusted.sharing.ShareData fromBundle(android.os.Bundle)
    public static final java.lang.String KEY_TITLE
    public static final java.lang.String KEY_TEXT
    public static final java.lang.String KEY_URIS
androidx.annotation.TransitionRes
androidx.browser.trusted.TrustedWebActivityDisplayMode$DefaultMode:
    private static final int ID
androidx.browser.trusted.sharing.ShareTarget$EncodingType
androidx.core.app.NotificationCompat$CarExtender$UnreadConversation$Builder
androidx.core.app.ComponentActivity$ExtraData
androidx.core.view.accessibility.AccessibilityManagerCompat$AccessibilityStateChangeListener
androidx.annotation.BinderThread
androidx.core.content.res.GradientColorInflaterCompat$ColorStops
com.google.androidbrowserhelper.BuildConfig
androidx.core.app.ActivityRecreator$1
androidx.arch.core.internal.SafeIterableMap$Entry
androidx.browser.trusted.sharing.ShareTarget$FileFormField:
    static androidx.browser.trusted.sharing.ShareTarget$FileFormField fromBundle(android.os.Bundle)
    public static final java.lang.String KEY_NAME
    public static final java.lang.String KEY_ACCEPTED_TYPES
androidx.annotation.PluralsRes
androidx.core.view.ViewPropertyAnimatorCompat$2
androidx.core.content.pm.ShortcutManagerCompat$1
androidx.core.app.JobIntentService$CompatWorkItem
androidx.core.text.TextDirectionHeuristicsCompat
android.support.customtabs.ICustomTabsService$Default
androidx.annotation.Nullable
androidx.browser.trusted.TrustedWebActivityServiceConnectionPool$BindToServiceAsyncTask
androidx.browser.trusted.ScreenOrientation
androidx.core.graphics.drawable.DrawableCompat:
    public static void jumpToCurrentState(android.graphics.drawable.Drawable)
    public static void setAutoMirrored(android.graphics.drawable.Drawable,boolean)
    public static boolean isAutoMirrored(android.graphics.drawable.Drawable)
    public static void setHotspot(android.graphics.drawable.Drawable,float,float)
    public static void setHotspotBounds(android.graphics.drawable.Drawable,int,int,int,int)
    public static void setTint(android.graphics.drawable.Drawable,int)
    public static void setTintList(android.graphics.drawable.Drawable,android.content.res.ColorStateList)
    public static void setTintMode(android.graphics.drawable.Drawable,android.graphics.PorterDuff$Mode)
    public static int getAlpha(android.graphics.drawable.Drawable)
    public static void applyTheme(android.graphics.drawable.Drawable,android.content.res.Resources$Theme)
    public static boolean canApplyTheme(android.graphics.drawable.Drawable)
    public static android.graphics.ColorFilter getColorFilter(android.graphics.drawable.Drawable)
    public static void clearColorFilter(android.graphics.drawable.Drawable)
    public static void inflate(android.graphics.drawable.Drawable,android.content.res.Resources,org.xmlpull.v1.XmlPullParser,android.util.AttributeSet,android.content.res.Resources$Theme)
    public static android.graphics.drawable.Drawable unwrap(android.graphics.drawable.Drawable)
androidx.core.content.res.ResourcesCompat$FontCallback$1
androidx.core.content.res.ResourcesCompat$FontCallback
com.google.androidbrowserhelper.trusted.ExtraCommandHandler:
    public static final java.lang.String EXTRA_COMMAND_SUCCESS